<?xml version="1.0" encoding="UTF-8"?>
<!-- Generated by org.testng.reporters.JUnitReportReporter -->
<testsuite hostname="Alish" failures="0" tests="2" name="qaclickacademy.SeleniumTest" time="0.006" errors="0" timestamp="2021-05-31T21:27:54 IST" skipped="0">
  <testcase classname="qaclickacademy.SeleniumTest" name="BrowserAutomation" time="0.005"/>
  <system-out/>
  <testcase classname="qaclickacademy.SeleniumTest" name="ElementsUi" time="0.001"/>
  <system-out/>
</testsuite> <!-- qaclickacademy.SeleniumTest -->
